<?xml version="1.0" encoding="UTF-8"?>
<testng-results ignored="0" total="1" passed="1" failed="0" skipped="0">
  <reporter-output>
  </reporter-output>
  <suite started-at="2023-07-20T15:05:08 IST" name="Default suite" finished-at="2023-07-20T15:05:12 IST" duration-ms="3696">
    <groups>
    </groups>
    <test started-at="2023-07-20T15:05:08 IST" name="Default test" finished-at="2023-07-20T15:05:12 IST" duration-ms="3696">
      <class name="in.rebus.testsripts.BookingTickets">
        <test-method is-config="true" signature="LaunchApplication()[pri:0, instance:in.rebus.testsripts.BookingTickets@7526515b]" started-at="2023-07-20T15:05:08 IST" name="LaunchApplication" finished-at="2023-07-20T15:05:11 IST" duration-ms="3110" status="PASS">
          <reporter-output>
          </reporter-output>
        </test-method> <!-- LaunchApplication -->
        <test-method signature="SearchPlace()[pri:0, instance:in.rebus.testsripts.BookingTickets@7526515b]" started-at="2023-07-20T15:05:11 IST" name="SearchPlace" finished-at="2023-07-20T15:05:12 IST" duration-ms="368" status="PASS">
          <reporter-output>
          </reporter-output>
        </test-method> <!-- SearchPlace -->
        <test-method is-config="true" signature="CloseBrowser()[pri:0, instance:in.rebus.testsripts.BookingTickets@7526515b]" started-at="2023-07-20T15:05:12 IST" name="CloseBrowser" finished-at="2023-07-20T15:05:12 IST" duration-ms="187" status="PASS">
          <reporter-output>
          </reporter-output>
        </test-method> <!-- CloseBrowser -->
      </class> <!-- in.rebus.testsripts.BookingTickets -->
    </test> <!-- Default test -->
  </suite> <!-- Default suite -->
</testng-results>
